0    [main] INFO  org.eclipse.jetty.server.Server  [   ] – jetty-8.1.10.v20130312
15   [main] INFO  org.eclipse.jetty.deploy.providers.ScanningAppProvider  [   ] – Deployment monitor C:\Users\sumit.nagpal\Desktop\solr-5.1.0\server\contexts at interval 0
20   [main] INFO  org.eclipse.jetty.deploy.DeploymentManager  [   ] – Deployable added: C:\Users\sumit.nagpal\Desktop\solr-5.1.0\server\contexts\solr-jetty-context.xml
1084 [main] INFO  org.eclipse.jetty.webapp.StandardDescriptorProcessor  [   ] – NO JSP Support for /solr, did not find org.apache.jasper.servlet.JspServlet
1130 [main] INFO  org.apache.solr.servlet.SolrDispatchFilter  [   ] – SolrDispatchFilter.init()WebAppClassLoader=857344131@331a0883
1143 [main] INFO  org.apache.solr.core.SolrResourceLoader  [   ] – JNDI not configured for solr (NoInitialContextEx)
1144 [main] INFO  org.apache.solr.core.SolrResourceLoader  [   ] – using system property solr.solr.home: C:\Users\sumit.nagpal\Desktop\solr-5.1.0\server\solr
1144 [main] INFO  org.apache.solr.core.SolrResourceLoader  [   ] – new SolrResourceLoader for directory: 'C:\Users\sumit.nagpal\Desktop\solr-5.1.0\server\solr\'
1241 [main] INFO  org.apache.solr.core.SolrXmlConfig  [   ] – Loading container configuration from C:\Users\sumit.nagpal\Desktop\solr-5.1.0\server\solr\solr.xml
1298 [main] INFO  org.apache.solr.core.CoresLocator  [   ] – Config-defined core root directory: C:\Users\sumit.nagpal\Desktop\solr-5.1.0\server\solr
1315 [main] INFO  org.apache.solr.core.CoreContainer  [   ] – New CoreContainer 1281356714
1315 [main] INFO  org.apache.solr.core.CoreContainer  [   ] – Loading cores into CoreContainer [instanceDir=C:\Users\sumit.nagpal\Desktop\solr-5.1.0\server\solr\]
1316 [main] INFO  org.apache.solr.core.CoreContainer  [   ] – loading shared library: C:\Users\sumit.nagpal\Desktop\solr-5.1.0\server\solr\lib
1316 [main] WARN  org.apache.solr.core.SolrResourceLoader  [   ] – Can't find (or read) directory to add to classloader: lib (resolved as: C:\Users\sumit.nagpal\Desktop\solr-5.1.0\server\solr\lib).
1330 [main] INFO  org.apache.solr.handler.component.HttpShardHandlerFactory  [   ] – Setting socketTimeout to: 600000
1330 [main] INFO  org.apache.solr.handler.component.HttpShardHandlerFactory  [   ] – Setting urlScheme to: null
1334 [main] INFO  org.apache.solr.handler.component.HttpShardHandlerFactory  [   ] – Setting connTimeout to: 60000
1334 [main] INFO  org.apache.solr.handler.component.HttpShardHandlerFactory  [   ] – Setting maxConnectionsPerHost to: 20
1334 [main] INFO  org.apache.solr.handler.component.HttpShardHandlerFactory  [   ] – Setting maxConnections to: 10000
1334 [main] INFO  org.apache.solr.handler.component.HttpShardHandlerFactory  [   ] – Setting corePoolSize to: 0
1335 [main] INFO  org.apache.solr.handler.component.HttpShardHandlerFactory  [   ] – Setting maximumPoolSize to: 2147483647
1335 [main] INFO  org.apache.solr.handler.component.HttpShardHandlerFactory  [   ] – Setting maxThreadIdleTime to: 5
1335 [main] INFO  org.apache.solr.handler.component.HttpShardHandlerFactory  [   ] – Setting sizeOfQueue to: -1
1335 [main] INFO  org.apache.solr.handler.component.HttpShardHandlerFactory  [   ] – Setting fairnessPolicy to: false
1335 [main] INFO  org.apache.solr.handler.component.HttpShardHandlerFactory  [   ] – Setting useRetries to: false
1548 [main] INFO  org.apache.solr.update.UpdateShardHandler  [   ] – Creating UpdateShardHandler HTTP client with params: socketTimeout=600000&connTimeout=60000&retry=true
1549 [main] INFO  org.apache.solr.logging.LogWatcher  [   ] – SLF4J impl is org.slf4j.impl.Log4jLoggerFactory
1550 [main] INFO  org.apache.solr.logging.LogWatcher  [   ] – Registering Log Listener [Log4j (org.slf4j.impl.Log4jLoggerFactory)]
1551 [main] INFO  org.apache.solr.core.CoreContainer  [   ] – Node Name: 
1586 [main] INFO  org.apache.solr.core.CoresLocator  [   ] – Looking for core definitions underneath C:\Users\sumit.nagpal\Desktop\solr-5.1.0\server\solr
1634 [main] INFO  org.apache.solr.core.SolrCore  [   ] – CORE DESCRIPTOR: {name=test, config=solrconfig.xml, instanceDir=C:\Users\sumit.nagpal\Desktop\solr-5.1.0\server\solr\test, loadOnStartup=true, absoluteInstDir=C:\Users\sumit.nagpal\Desktop\solr-5.1.0\server\solr\test\, schema=schema.xml, transient=false, dataDir=data\}
1635 [main] INFO  org.apache.solr.core.CoresLocator  [   ] – Found core test in C:\Users\sumit.nagpal\Desktop\solr-5.1.0\server\solr\test\
1636 [main] INFO  org.apache.solr.core.CoresLocator  [   ] – Found 1 core definitions
1637 [coreLoadExecutor-5-thread-1] INFO  org.apache.solr.core.SolrResourceLoader  [   ] – new SolrResourceLoader for directory: 'C:\Users\sumit.nagpal\Desktop\solr-5.1.0\server\solr\test\'
1676 [coreLoadExecutor-5-thread-1] INFO  org.apache.solr.core.SolrConfig  [   ] – current version of requestparams : 0
1684 [coreLoadExecutor-5-thread-1] INFO  org.apache.solr.core.SolrConfig  [   ] – Adding specified lib dirs to ClassLoader
1686 [coreLoadExecutor-5-thread-1] INFO  org.apache.solr.core.SolrResourceLoader  [   ] – Adding 'file:/C:/Users/sumit.nagpal/Desktop/solr-5.1.0/contrib/extraction/lib/apache-mime4j-core-0.7.2.jar' to classloader
1686 [coreLoadExecutor-5-thread-1] INFO  org.apache.solr.core.SolrResourceLoader  [   ] – Adding 'file:/C:/Users/sumit.nagpal/Desktop/solr-5.1.0/contrib/extraction/lib/apache-mime4j-dom-0.7.2.jar' to classloader
1686 [coreLoadExecutor-5-thread-1] INFO  org.apache.solr.core.SolrResourceLoader  [   ] – Adding 'file:/C:/Users/sumit.nagpal/Desktop/solr-5.1.0/contrib/extraction/lib/aspectjrt-1.8.0.jar' to classloader
1686 [coreLoadExecutor-5-thread-1] INFO  org.apache.solr.core.SolrResourceLoader  [   ] – Adding 'file:/C:/Users/sumit.nagpal/Desktop/solr-5.1.0/contrib/extraction/lib/bcmail-jdk15-1.45.jar' to classloader
1687 [coreLoadExecutor-5-thread-1] INFO  org.apache.solr.core.SolrResourceLoader  [   ] – Adding 'file:/C:/Users/sumit.nagpal/Desktop/solr-5.1.0/contrib/extraction/lib/bcprov-jdk15-1.45.jar' to classloader
1687 [coreLoadExecutor-5-thread-1] INFO  org.apache.solr.core.SolrResourceLoader  [   ] – Adding 'file:/C:/Users/sumit.nagpal/Desktop/solr-5.1.0/contrib/extraction/lib/boilerpipe-1.1.0.jar' to classloader
1687 [coreLoadExecutor-5-thread-1] INFO  org.apache.solr.core.SolrResourceLoader  [   ] – Adding 'file:/C:/Users/sumit.nagpal/Desktop/solr-5.1.0/contrib/extraction/lib/commons-compress-1.8.1.jar' to classloader
1687 [coreLoadExecutor-5-thread-1] INFO  org.apache.solr.core.SolrResourceLoader  [   ] – Adding 'file:/C:/Users/sumit.nagpal/Desktop/solr-5.1.0/contrib/extraction/lib/fontbox-1.8.8.jar' to classloader
1687 [coreLoadExecutor-5-thread-1] INFO  org.apache.solr.core.SolrResourceLoader  [   ] – Adding 'file:/C:/Users/sumit.nagpal/Desktop/solr-5.1.0/contrib/extraction/lib/icu4j-54.1.jar' to classloader
1687 [coreLoadExecutor-5-thread-1] INFO  org.apache.solr.core.SolrResourceLoader  [   ] – Adding 'file:/C:/Users/sumit.nagpal/Desktop/solr-5.1.0/contrib/extraction/lib/isoparser-1.0.2.jar' to classloader
1687 [coreLoadExecutor-5-thread-1] INFO  org.apache.solr.core.SolrResourceLoader  [   ] – Adding 'file:/C:/Users/sumit.nagpal/Desktop/solr-5.1.0/contrib/extraction/lib/java-libpst-0.8.1.jar' to classloader
1688 [coreLoadExecutor-5-thread-1] INFO  org.apache.solr.core.SolrResourceLoader  [   ] – Adding 'file:/C:/Users/sumit.nagpal/Desktop/solr-5.1.0/contrib/extraction/lib/jdom-1.0.jar' to classloader
1688 [coreLoadExecutor-5-thread-1] INFO  org.apache.solr.core.SolrResourceLoader  [   ] – Adding 'file:/C:/Users/sumit.nagpal/Desktop/solr-5.1.0/contrib/extraction/lib/jempbox-1.8.8.jar' to classloader
1688 [coreLoadExecutor-5-thread-1] INFO  org.apache.solr.core.SolrResourceLoader  [   ] – Adding 'file:/C:/Users/sumit.nagpal/Desktop/solr-5.1.0/contrib/extraction/lib/jmatio-1.0.jar' to classloader
1688 [coreLoadExecutor-5-thread-1] INFO  org.apache.solr.core.SolrResourceLoader  [   ] – Adding 'file:/C:/Users/sumit.nagpal/Desktop/solr-5.1.0/contrib/extraction/lib/juniversalchardet-1.0.3.jar' to classloader
1688 [coreLoadExecutor-5-thread-1] INFO  org.apache.solr.core.SolrResourceLoader  [   ] – Adding 'file:/C:/Users/sumit.nagpal/Desktop/solr-5.1.0/contrib/extraction/lib/metadata-extractor-2.6.2.jar' to classloader
1688 [coreLoadExecutor-5-thread-1] INFO  org.apache.solr.core.SolrResourceLoader  [   ] – Adding 'file:/C:/Users/sumit.nagpal/Desktop/solr-5.1.0/contrib/extraction/lib/pdfbox-1.8.8.jar' to classloader
1689 [coreLoadExecutor-5-thread-1] INFO  org.apache.solr.core.SolrResourceLoader  [   ] – Adding 'file:/C:/Users/sumit.nagpal/Desktop/solr-5.1.0/contrib/extraction/lib/poi-3.11.jar' to classloader
1689 [coreLoadExecutor-5-thread-1] INFO  org.apache.solr.core.SolrResourceLoader  [   ] – Adding 'file:/C:/Users/sumit.nagpal/Desktop/solr-5.1.0/contrib/extraction/lib/poi-ooxml-3.11.jar' to classloader
1689 [coreLoadExecutor-5-thread-1] INFO  org.apache.solr.core.SolrResourceLoader  [   ] – Adding 'file:/C:/Users/sumit.nagpal/Desktop/solr-5.1.0/contrib/extraction/lib/poi-ooxml-schemas-3.11.jar' to classloader
1689 [coreLoadExecutor-5-thread-1] INFO  org.apache.solr.core.SolrResourceLoader  [   ] – Adding 'file:/C:/Users/sumit.nagpal/Desktop/solr-5.1.0/contrib/extraction/lib/poi-scratchpad-3.11.jar' to classloader
1689 [coreLoadExecutor-5-thread-1] INFO  org.apache.solr.core.SolrResourceLoader  [   ] – Adding 'file:/C:/Users/sumit.nagpal/Desktop/solr-5.1.0/contrib/extraction/lib/rome-1.0.jar' to classloader
1689 [coreLoadExecutor-5-thread-1] INFO  org.apache.solr.core.SolrResourceLoader  [   ] – Adding 'file:/C:/Users/sumit.nagpal/Desktop/solr-5.1.0/contrib/extraction/lib/tagsoup-1.2.1.jar' to classloader
1690 [coreLoadExecutor-5-thread-1] INFO  org.apache.solr.core.SolrResourceLoader  [   ] – Adding 'file:/C:/Users/sumit.nagpal/Desktop/solr-5.1.0/contrib/extraction/lib/tika-core-1.7.jar' to classloader
1690 [coreLoadExecutor-5-thread-1] INFO  org.apache.solr.core.SolrResourceLoader  [   ] – Adding 'file:/C:/Users/sumit.nagpal/Desktop/solr-5.1.0/contrib/extraction/lib/tika-java7-1.7.jar' to classloader
1690 [coreLoadExecutor-5-thread-1] INFO  org.apache.solr.core.SolrResourceLoader  [   ] – Adding 'file:/C:/Users/sumit.nagpal/Desktop/solr-5.1.0/contrib/extraction/lib/tika-parsers-1.7.jar' to classloader
1690 [coreLoadExecutor-5-thread-1] INFO  org.apache.solr.core.SolrResourceLoader  [   ] – Adding 'file:/C:/Users/sumit.nagpal/Desktop/solr-5.1.0/contrib/extraction/lib/tika-xmp-1.7.jar' to classloader
1690 [coreLoadExecutor-5-thread-1] INFO  org.apache.solr.core.SolrResourceLoader  [   ] – Adding 'file:/C:/Users/sumit.nagpal/Desktop/solr-5.1.0/contrib/extraction/lib/vorbis-java-core-0.6.jar' to classloader
1690 [coreLoadExecutor-5-thread-1] INFO  org.apache.solr.core.SolrResourceLoader  [   ] – Adding 'file:/C:/Users/sumit.nagpal/Desktop/solr-5.1.0/contrib/extraction/lib/vorbis-java-tika-0.6.jar' to classloader
1690 [coreLoadExecutor-5-thread-1] INFO  org.apache.solr.core.SolrResourceLoader  [   ] – Adding 'file:/C:/Users/sumit.nagpal/Desktop/solr-5.1.0/contrib/extraction/lib/xercesImpl-2.9.1.jar' to classloader
1691 [coreLoadExecutor-5-thread-1] INFO  org.apache.solr.core.SolrResourceLoader  [   ] – Adding 'file:/C:/Users/sumit.nagpal/Desktop/solr-5.1.0/contrib/extraction/lib/xmlbeans-2.6.0.jar' to classloader
1691 [coreLoadExecutor-5-thread-1] INFO  org.apache.solr.core.SolrResourceLoader  [   ] – Adding 'file:/C:/Users/sumit.nagpal/Desktop/solr-5.1.0/contrib/extraction/lib/xmpcore-5.1.2.jar' to classloader
1691 [coreLoadExecutor-5-thread-1] INFO  org.apache.solr.core.SolrResourceLoader  [   ] – Adding 'file:/C:/Users/sumit.nagpal/Desktop/solr-5.1.0/contrib/extraction/lib/xz-1.5.jar' to classloader
1692 [coreLoadExecutor-5-thread-1] INFO  org.apache.solr.core.SolrResourceLoader  [   ] – Adding 'file:/C:/Users/sumit.nagpal/Desktop/solr-5.1.0/dist/solr-cell-5.1.0.jar' to classloader
1693 [coreLoadExecutor-5-thread-1] INFO  org.apache.solr.core.SolrResourceLoader  [   ] – Adding 'file:/C:/Users/sumit.nagpal/Desktop/solr-5.1.0/contrib/clustering/lib/attributes-binder-1.2.1.jar' to classloader
1693 [coreLoadExecutor-5-thread-1] INFO  org.apache.solr.core.SolrResourceLoader  [   ] – Adding 'file:/C:/Users/sumit.nagpal/Desktop/solr-5.1.0/contrib/clustering/lib/carrot2-mini-3.9.0.jar' to classloader
1693 [coreLoadExecutor-5-thread-1] INFO  org.apache.solr.core.SolrResourceLoader  [   ] – Adding 'file:/C:/Users/sumit.nagpal/Desktop/solr-5.1.0/contrib/clustering/lib/hppc-0.5.2.jar' to classloader
1693 [coreLoadExecutor-5-thread-1] INFO  org.apache.solr.core.SolrResourceLoader  [   ] – Adding 'file:/C:/Users/sumit.nagpal/Desktop/solr-5.1.0/contrib/clustering/lib/jackson-core-asl-1.9.13.jar' to classloader
1693 [coreLoadExecutor-5-thread-1] INFO  org.apache.solr.core.SolrResourceLoader  [   ] – Adding 'file:/C:/Users/sumit.nagpal/Desktop/solr-5.1.0/contrib/clustering/lib/jackson-mapper-asl-1.9.13.jar' to classloader
1693 [coreLoadExecutor-5-thread-1] INFO  org.apache.solr.core.SolrResourceLoader  [   ] – Adding 'file:/C:/Users/sumit.nagpal/Desktop/solr-5.1.0/contrib/clustering/lib/mahout-collections-1.0.jar' to classloader
1694 [coreLoadExecutor-5-thread-1] INFO  org.apache.solr.core.SolrResourceLoader  [   ] – Adding 'file:/C:/Users/sumit.nagpal/Desktop/solr-5.1.0/contrib/clustering/lib/mahout-math-0.6.jar' to classloader
1694 [coreLoadExecutor-5-thread-1] INFO  org.apache.solr.core.SolrResourceLoader  [   ] – Adding 'file:/C:/Users/sumit.nagpal/Desktop/solr-5.1.0/contrib/clustering/lib/simple-xml-2.7.jar' to classloader
1695 [coreLoadExecutor-5-thread-1] INFO  org.apache.solr.core.SolrResourceLoader  [   ] – Adding 'file:/C:/Users/sumit.nagpal/Desktop/solr-5.1.0/dist/solr-clustering-5.1.0.jar' to classloader
1696 [coreLoadExecutor-5-thread-1] INFO  org.apache.solr.core.SolrResourceLoader  [   ] – Adding 'file:/C:/Users/sumit.nagpal/Desktop/solr-5.1.0/contrib/langid/lib/jsonic-1.2.7.jar' to classloader
1696 [coreLoadExecutor-5-thread-1] INFO  org.apache.solr.core.SolrResourceLoader  [   ] – Adding 'file:/C:/Users/sumit.nagpal/Desktop/solr-5.1.0/contrib/langid/lib/langdetect-1.1-20120112.jar' to classloader
1697 [coreLoadExecutor-5-thread-1] INFO  org.apache.solr.core.SolrResourceLoader  [   ] – Adding 'file:/C:/Users/sumit.nagpal/Desktop/solr-5.1.0/dist/solr-langid-5.1.0.jar' to classloader
1698 [coreLoadExecutor-5-thread-1] INFO  org.apache.solr.core.SolrResourceLoader  [   ] – Adding 'file:/C:/Users/sumit.nagpal/Desktop/solr-5.1.0/contrib/velocity/lib/commons-beanutils-1.8.3.jar' to classloader
1698 [coreLoadExecutor-5-thread-1] INFO  org.apache.solr.core.SolrResourceLoader  [   ] – Adding 'file:/C:/Users/sumit.nagpal/Desktop/solr-5.1.0/contrib/velocity/lib/commons-collections-3.2.1.jar' to classloader
1699 [coreLoadExecutor-5-thread-1] INFO  org.apache.solr.core.SolrResourceLoader  [   ] – Adding 'file:/C:/Users/sumit.nagpal/Desktop/solr-5.1.0/contrib/velocity/lib/velocity-1.7.jar' to classloader
1699 [coreLoadExecutor-5-thread-1] INFO  org.apache.solr.core.SolrResourceLoader  [   ] – Adding 'file:/C:/Users/sumit.nagpal/Desktop/solr-5.1.0/contrib/velocity/lib/velocity-tools-2.0.jar' to classloader
1700 [coreLoadExecutor-5-thread-1] INFO  org.apache.solr.core.SolrResourceLoader  [   ] – Adding 'file:/C:/Users/sumit.nagpal/Desktop/solr-5.1.0/dist/solr-velocity-5.1.0.jar' to classloader
1827 [coreLoadExecutor-5-thread-1] INFO  org.apache.solr.core.SolrConfig  [   ] – Using Lucene MatchVersion: 5.0.0
1923 [coreLoadExecutor-5-thread-1] INFO  org.apache.solr.core.Config  [   ] – Loaded SolrConfig: solrconfig.xml
1931 [coreLoadExecutor-5-thread-1] INFO  org.apache.solr.schema.IndexSchema  [   ] – Reading Solr Schema from C:\Users\sumit.nagpal\Desktop\solr-5.1.0\server\solr\test\conf\managed-schema
1986 [coreLoadExecutor-5-thread-1] INFO  org.apache.solr.schema.IndexSchema  [   ] – [test] Schema name=example-data-driven-schema
2327 [coreLoadExecutor-5-thread-1] INFO  org.apache.solr.schema.IndexSchema  [   ] – unique key field: id
2461 [coreLoadExecutor-5-thread-1] INFO  org.apache.solr.schema.FileExchangeRateProvider  [   ] – Reloading exchange rates from file currency.xml
2466 [coreLoadExecutor-5-thread-1] INFO  org.apache.solr.schema.FileExchangeRateProvider  [   ] – Reloading exchange rates from file currency.xml
2517 [coreLoadExecutor-5-thread-1] INFO  org.apache.solr.core.CoreContainer  [   ] – Creating SolrCore 'test' using configuration from instancedir C:\Users\sumit.nagpal\Desktop\solr-5.1.0\server\solr\test\
2518 [coreLoadExecutor-5-thread-1] INFO  org.apache.solr.core.SolrCore  [   ] – solr.NRTCachingDirectoryFactory
2524 [coreLoadExecutor-5-thread-1] INFO  org.apache.solr.core.SolrCore  [   ] – [test] Opening new SolrCore at C:\Users\sumit.nagpal\Desktop\solr-5.1.0\server\solr\test\, dataDir=C:\Users\sumit.nagpal\Desktop\solr-5.1.0\server\solr\test\data\
2525 [coreLoadExecutor-5-thread-1] INFO  org.apache.solr.core.JmxMonitoredMap  [   ] – No JMX servers found, not exposing Solr information with JMX.
2530 [coreLoadExecutor-5-thread-1] INFO  org.apache.solr.core.SolrCore  [   ] – [test] Added SolrEventListener for newSearcher: org.apache.solr.core.QuerySenderListener{queries=[]}
2530 [coreLoadExecutor-5-thread-1] INFO  org.apache.solr.core.SolrCore  [   ] – [test] Added SolrEventListener for firstSearcher: org.apache.solr.core.QuerySenderListener{queries=[]}
2546 [coreLoadExecutor-5-thread-1] INFO  org.apache.solr.core.CachingDirectoryFactory  [   ] – return new directory for C:\Users\sumit.nagpal\Desktop\solr-5.1.0\server\solr\test\data
2547 [coreLoadExecutor-5-thread-1] INFO  org.apache.solr.core.SolrCore  [   ] – New index directory detected: old=null new=C:\Users\sumit.nagpal\Desktop\solr-5.1.0\server\solr\test\data\index/
2549 [coreLoadExecutor-5-thread-1] INFO  org.apache.solr.core.CachingDirectoryFactory  [   ] – return new directory for C:\Users\sumit.nagpal\Desktop\solr-5.1.0\server\solr\test\data\index
2562 [coreLoadExecutor-5-thread-1] ERROR org.apache.solr.core.SolrCore  [   ] – [test] Solr index directory 'C:\Users\sumit.nagpal\Desktop\solr-5.1.0\server\solr\test\data\index/' is locked.  Throwing exception
2562 [coreLoadExecutor-5-thread-1] INFO  org.apache.solr.core.SolrCore  [   ] – [test]  CLOSING SolrCore org.apache.solr.core.SolrCore@5999e39
2563 [coreLoadExecutor-5-thread-1] INFO  org.apache.solr.update.SolrCoreState  [   ] – Closing SolrCoreState
2563 [coreLoadExecutor-5-thread-1] INFO  org.apache.solr.update.DefaultSolrCoreState  [   ] – SolrCoreState ref count has reached 0 - closing IndexWriter
2563 [coreLoadExecutor-5-thread-1] INFO  org.apache.solr.core.SolrCore  [   ] – [test] Closing main searcher on request.
2563 [coreLoadExecutor-5-thread-1] INFO  org.apache.solr.core.CachingDirectoryFactory  [   ] – Closing NRTCachingDirectoryFactory - 2 directories currently being tracked
2564 [coreLoadExecutor-5-thread-1] INFO  org.apache.solr.core.CachingDirectoryFactory  [   ] – looking to close C:\Users\sumit.nagpal\Desktop\solr-5.1.0\server\solr\test\data [CachedDir<<refCount=0;path=C:\Users\sumit.nagpal\Desktop\solr-5.1.0\server\solr\test\data;done=false>>]
2564 [coreLoadExecutor-5-thread-1] INFO  org.apache.solr.core.CachingDirectoryFactory  [   ] – Closing directory: C:\Users\sumit.nagpal\Desktop\solr-5.1.0\server\solr\test\data
2565 [coreLoadExecutor-5-thread-1] INFO  org.apache.solr.core.CachingDirectoryFactory  [   ] – looking to close C:\Users\sumit.nagpal\Desktop\solr-5.1.0\server\solr\test\data\index [CachedDir<<refCount=0;path=C:\Users\sumit.nagpal\Desktop\solr-5.1.0\server\solr\test\data\index;done=false>>]
2565 [coreLoadExecutor-5-thread-1] INFO  org.apache.solr.core.CachingDirectoryFactory  [   ] – Closing directory: C:\Users\sumit.nagpal\Desktop\solr-5.1.0\server\solr\test\data\index
2568 [coreLoadExecutor-5-thread-1] ERROR org.apache.solr.core.CoreContainer  [   ] – Error creating core [test]: Index locked for write for core test
org.apache.solr.common.SolrException: Index locked for write for core test
	at org.apache.solr.core.SolrCore.<init>(SolrCore.java:885)
	at org.apache.solr.core.SolrCore.<init>(SolrCore.java:652)
	at org.apache.solr.core.CoreContainer.create(CoreContainer.java:518)
	at org.apache.solr.core.CoreContainer$1.call(CoreContainer.java:283)
	at org.apache.solr.core.CoreContainer$1.call(CoreContainer.java:277)
	at java.util.concurrent.FutureTask.run(Unknown Source)
	at java.util.concurrent.ThreadPoolExecutor.runWorker(Unknown Source)
	at java.util.concurrent.ThreadPoolExecutor$Worker.run(Unknown Source)
	at java.lang.Thread.run(Unknown Source)
Caused by: org.apache.lucene.store.LockObtainFailedException: Index locked for write for core test
	at org.apache.solr.core.SolrCore.initIndex(SolrCore.java:522)
	at org.apache.solr.core.SolrCore.<init>(SolrCore.java:796)
	... 8 more
2570 [main] INFO  org.apache.solr.servlet.SolrDispatchFilter  [   ] – user.dir=C:\Users\sumit.nagpal\Desktop\solr-5.1.0\server
2570 [main] INFO  org.apache.solr.servlet.SolrDispatchFilter  [   ] – SolrDispatchFilter.init() done
2588 [main] INFO  org.eclipse.jetty.server.AbstractConnector  [   ] – Started SocketConnector@0.0.0.0:8984
30786 [qtp2048298809-20] INFO  org.apache.solr.servlet.SolrDispatchFilter  [   ] – [admin] webapp=null path=/admin/cores params={indexInfo=false&_=1433493353879&wt=json} status=0 QTime=13 
30834 [qtp2048298809-15] INFO  org.apache.solr.servlet.SolrDispatchFilter  [   ] – [admin] webapp=null path=/admin/info/system params={_=1433493353922&wt=json} status=0 QTime=4 
50161 [ShutdownMonitor] INFO  org.eclipse.jetty.server.Server  [   ] – Graceful shutdown SocketConnector@0.0.0.0:8984
50162 [ShutdownMonitor] INFO  org.eclipse.jetty.server.Server  [   ] – Graceful shutdown o.e.j.w.WebAppContext{/solr,file:/C:/Users/sumit.nagpal/Desktop/solr-5.1.0/server/solr-webapp/webapp/},C:\Users\sumit.nagpal\Desktop\solr-5.1.0\server/webapps/solr.war
51167 [ShutdownMonitor] INFO  org.apache.solr.core.CoreContainer  [   ] – Shutting down CoreContainer instance=1281356714
51171 [ShutdownMonitor] INFO  org.eclipse.jetty.server.handler.ContextHandler  [   ] – stopped o.e.j.w.WebAppContext{/solr,file:/C:/Users/sumit.nagpal/Desktop/solr-5.1.0/server/solr-webapp/webapp/},C:\Users\sumit.nagpal\Desktop\solr-5.1.0\server/webapps/solr.war
